<?xml version="1.0" encoding="UTF-8"?>
<testsuite name="com.telran.wikipedia.tests.SearchWikiTest" tests="1" skipped="0" failures="0" errors="0" timestamp="2019-10-01T11:57:16" hostname="DESKTOP-5FQ94RQ" time="1.985">
  <properties/>
  <testcase name="searchWikiTestQA" classname="com.telran.wikipedia.tests.SearchWikiTest" time="1.985"/>
  <system-out><![CDATA[]]></system-out>
  <system-err><![CDATA[]]></system-err>
</testsuite>
